[map.mappingwomenssuffrage.org.uk/neatline/show/all.html]
[map.mappingwomenssuffrage.org.uk/neatline/fullscreen/all605a.html]
[backblue.gif]
[fade.gif]
[index.html]
[ajax.googleapis.com/ajax/libs/jquery/1.12.4/jquery.min.js]
[ajax.googleapis.com/ajax/libs/jqueryui/1.11.2/jquery-ui.min.js]
[map.mappingwomenssuffrage.org.uk/themes/omeka-theme-mapsuff/neatline/javascripts/dist/production/neatline-publice6f1.js]
[map.mappingwomenssuffrage.org.uk/themes/omeka-theme-mapsuff/javascripts/vendor/modernizre6f1.js]
[map.mappingwomenssuffrage.org.uk/application/views/scripts/javascripts/vendor/responde6f1.js]
[map.mappingwomenssuffrage.org.uk/application/views/scripts/javascripts/vendor/jquery-accessibleMegaMenue6f1.js]
[map.mappingwomenssuffrage.org.uk/application/views/scripts/javascripts/globalse6f1.js]
[map.mappingwomenssuffrage.org.uk/themes/omeka-theme-mapsuff/javascripts/defaulte6f1.js]
[unpkg.com/leaflet@1.0.3/dist/leaflet.css]
[cdnjs.cloudflare.com/ajax/libs/slick-carousel/1.6.0/slick.min.css]
[cdnjs.cloudflare.com/ajax/libs/slick-carousel/1.6.0/slick-theme.min.css]
[maxcdn.bootstrapcdn.com/font-awesome/4.7.0/css/font-awesome.min.css]
[cdnjs.cloudflare.com/ajax/libs/fetch/2.0.2/fetch.min.js]
[cdn.polyfill.io/v2/polyfill.minef6a.js]
[cdnjs.cloudflare.com/ajax/libs/flexibility/2.0.1/flexibility.js]
[map.mappingwomenssuffrage.org.uk/neatline/fullscreen/all.html]
[map.mappingwomenssuffrage.org.uk/themes/omeka-theme-mapsuff/images/nationalarchiveslogo.jpg]
[map.mappingwomenssuffrage.org.uk/themes/omeka-theme-mapsuff/images/university_of_warwick_logo_2015_with_descriptorsvg.png]
[map.mappingwomenssuffrage.org.uk/themes/omeka-theme-mapsuff/images/LSE-Library.jpg]
[map.mappingwomenssuffrage.org.uk/themes/omeka-theme-mapsuff/images/Parliment UK Logo.png]
[map.mappingwomenssuffrage.org.uk/neatline/show/all.html]
[map.mappingwomenssuffrage.org.uk/plugins/Neatline/views/public/javascripts/fullscreene6f1.js]
[map.mappingwomenssuffrage.org.uk/neatline/fullscreen/all605a.html]
[map.mappingwomenssuffrage.org.uk/plugins/Neatline/views/shared/css/dist/production/img/blank.html]
[map.mappingwomenssuffrage.org.uk/plugins/Neatline/views/shared/css/dist/production/img/overview_replacement.html]
[map.mappingwomenssuffrage.org.uk/plugins/Neatline/views/shared/css/dist/production/img/navigation_history.html]
[map.mappingwomenssuffrage.org.uk/plugins/Neatline/views/shared/css/dist/production/img/save_features_on.html]
[map.mappingwomenssuffrage.org.uk/plugins/Neatline/views/shared/css/dist/production/img/save_features_off.html]
[map.mappingwomenssuffrage.org.uk/plugins/Neatline/views/shared/css/dist/production/img/pan-panel.html]
[map.mappingwomenssuffrage.org.uk/plugins/Neatline/views/shared/css/dist/production/img/zoom-panel.html]
[map.mappingwomenssuffrage.org.uk/plugins/Neatline/views/shared/css/dist/production/img/close.html]
[map.mappingwomenssuffrage.org.uk/plugins/Neatline/views/shared/css/dist/production/neatline-publice6f1.css]
[map.mappingwomenssuffrage.org.uk/plugins/Neatline/views/shared/css/dist/production/img/editing_tool_bar.html]
[map.mappingwomenssuffrage.org.uk/application/views/scripts/css/iconfonts/fontawesome-webfont3e6e.eot]
[map.mappingwomenssuffrage.org.uk/application/views/scripts/css/iconfonts/fontawesome-webfontd41d.eot]
[map.mappingwomenssuffrage.org.uk/application/views/scripts/css/iconfonts/fontawesome-webfont3e6e.woff]
[map.mappingwomenssuffrage.org.uk/application/views/scripts/css/iconfonts/fontawesome-webfont3e6e.ttf]
[map.mappingwomenssuffrage.org.uk/application/views/scripts/css/iconfontse6f1.css]
[map.mappingwomenssuffrage.org.uk/images/arrow_l7b0d.png]
[map.mappingwomenssuffrage.org.uk/images/arrow_r856b.png]
[map.mappingwomenssuffrage.org.uk/themes/omeka-theme-mapsuff/images/map-still8d47.jpg]
[map.mappingwomenssuffrage.org.uk/themes/omeka-theme-mapsuff/images/p033w45r-1--u2144-fr9c96.png]
[map.mappingwomenssuffrage.org.uk/images/u2155b3e4.png]
[map.mappingwomenssuffrage.org.uk/images/u2155-rb692.png]
[map.mappingwomenssuffrage.org.uk/images/u21577aaf.png]
[map.mappingwomenssuffrage.org.uk/images/u2157-r53f4.png]
[map.mappingwomenssuffrage.org.uk/images/loading0d49.gif]
[map.mappingwomenssuffrage.org.uk/themes/omeka-theme-mapsuff/css/stylee6f1.css]
[map.mappingwomenssuffrage.org.uk/themes/omeka-theme-mapsuff/neatline/javascripts/neatline-bootstrape6f1.js]
[unpkg.com/leaflet@1.0.3/dist/images/layers.png]
[unpkg.com/leaflet@1.0.3/dist/images/layers-2x.png]
[unpkg.com/leaflet@1.0.3/dist/images/marker-icon.png]
[unpkg.com/leaflet@1.0.3/dist/leaflet.css]
[cdnjs.cloudflare.com/ajax/libs/slick-carousel/1.6.0/slick.min.css]
[cdnjs.cloudflare.com/ajax/libs/slick-carousel/1.6.0/ajax-loader.gif]
[cdnjs.cloudflare.com/ajax/libs/slick-carousel/1.6.0/fonts/slick.eot]
[cdnjs.cloudflare.com/ajax/libs/slick-carousel/1.6.0/fonts/slickd41d.eot]
[cdnjs.cloudflare.com/ajax/libs/slick-carousel/1.6.0/fonts/slick.woff]
[cdnjs.cloudflare.com/ajax/libs/slick-carousel/1.6.0/fonts/slick.ttf]
[cdnjs.cloudflare.com/ajax/libs/slick-carousel/1.6.0/slick-theme.min.css]
[cdnjs.cloudflare.com/ajax/libs/slick-carousel/1.6.0/fonts/slick.svg]
[maxcdn.bootstrapcdn.com/font-awesome/4.7.0/css/font-awesome.min.css]
[map.mappingwomenssuffrage.org.uk/neatline/fullscreen/all.html]
[map.mappingwomenssuffrage.org.uk/application/views/scripts/javascripts/logine6f1.js]
[map.mappingwomenssuffrage.org.uk/plugins/Neatline/views/shared/css/dist/production/img/blank.html]
[map.mappingwomenssuffrage.org.uk/plugins/Neatline/views/shared/css/dist/production/img/overview_replacement.html]
[map.mappingwomenssuffrage.org.uk/plugins/Neatline/views/shared/css/dist/production/img/navigation_history.html]
[map.mappingwomenssuffrage.org.uk/plugins/Neatline/views/shared/css/dist/production/img/save_features_on.html]
[map.mappingwomenssuffrage.org.uk/plugins/Neatline/views/shared/css/dist/production/img/save_features_off.html]
[map.mappingwomenssuffrage.org.uk/plugins/Neatline/views/shared/css/dist/production/img/pan-panel.html]
[map.mappingwomenssuffrage.org.uk/plugins/Neatline/views/shared/css/dist/production/img/zoom-panel.html]
[map.mappingwomenssuffrage.org.uk/plugins/Neatline/views/shared/css/dist/production/img/close.html]
[map.mappingwomenssuffrage.org.uk/plugins/Neatline/views/shared/css/dist/production/img/editing_tool_bar.html]
[map.mappingwomenssuffrage.org.uk/application/views/scripts/css/iconfonts/fontawesome-webfont3e6e.html]
[map.mappingwomenssuffrage.org.uk/application/views/scripts/css/iconfonts/fontawesome-webfont3e6e.svg]
[map.mappingwomenssuffrage.org.uk/images/arrow_l7b0d.html]
[map.mappingwomenssuffrage.org.uk/images/arrow_r856b.html]
[map.mappingwomenssuffrage.org.uk/images/u2155b3e4.html]
[map.mappingwomenssuffrage.org.uk/images/u2155-rb692.html]
[map.mappingwomenssuffrage.org.uk/images/u21577aaf.html]
[map.mappingwomenssuffrage.org.uk/images/u2157-r53f4.html]
[map.mappingwomenssuffrage.org.uk/images/loading0d49.html]
[cdnjs.cloudflare.com/ajax/libs/slick-carousel/1.6.0/fonts/slick.svg]
